<?xml version="1.0" encoding="UTF-8"?>
<testsuite xmlns:xsi="http://www.w3.org/2001/XMLSchema-instance" xsi:noNamespaceSchemaLocation="https://maven.apache.org/surefire/maven-surefire-plugin/xsd/surefire-test-report.xsd" name="com.zhuocun.jira_vertx_server.TestMainVerticle" time="0.213" tests="1" errors="1" skipped="0" failures="0">
  <properties>
[...]
</properties>
  <testcase name="verticle_deployed{Vertx, VertxTestContext}" classname="com.zhuocun.jira_vertx_server.TestMainVerticle" time="0.208">
    <error message="Unable to create injector, see the following errors:&#10;&#10;1) [Guice/MissingConstructor]: No injectable constructor for type DBOperation.&#10;&#10;class DBOperation has a private no-arg constructor but the class is not private. Guice can only use a private no-arg constructor if it is defined in a private class.&#10;&#10;Requested by:&#10;1  : DBOperation.class(DBOperation.java:19)&#10;     at DBInitialiser.&lt;init&gt;(DBInitialiser.java:32)&#10;      \_ for 1st parameter&#10;     at AppModule.configure(AppModule.java:11)&#10;&#10;Learn more:&#10;  https://github.com/google/guice/wiki/MISSING_CONSTRUCTOR&#10;&#10;1 error&#10;&#10;======================&#10;Full classname legend:&#10;======================&#10;AppModule:     &quot;zhuocun.jira_vertx_server.modules.AppModule&quot;&#10;DBInitialiser: &quot;zhuocun.jira_vertx_server.utils.database.DBInitialiser&quot;&#10;DBOperation:   &quot;zhuocun.jira_vertx_server.utils.database.DBOperation&quot;&#10;========================&#10;End of classname legend:&#10;========================&#10;" type="com.google.inject.CreationException"><![CDATA[com.google.inject.CreationException: 
Unable to create injector, see the following errors:

1) [Guice/MissingConstructor]: No injectable constructor for type DBOperation.

class DBOperation has a private no-arg constructor but the class is not private. Guice can only use a private no-arg constructor if it is defined in a private class.

Requested by:
1  : DBOperation.class(DBOperation.java:19)
     at DBInitialiser.<init>(DBInitialiser.java:32)
      \_ for 1st parameter
     at AppModule.configure(AppModule.java:11)

Learn more:
  https://github.com/google/guice/wiki/MISSING_CONSTRUCTOR

1 error

======================
Full classname legend:
======================
AppModule:     "zhuocun.jira_vertx_server.modules.AppModule"
DBInitialiser: "zhuocun.jira_vertx_server.utils.database.DBInitialiser"
DBOperation:   "zhuocun.jira_vertx_server.utils.database.DBOperation"
========================
End of classname legend:
========================

]]></error>
  </testcase>
</testsuite>